<?xml version="1.0" encoding="UTF-8"?>
<testng-results skipped="0" failed="0" total="1" passed="1">
  <reporter-output>
  </reporter-output>
  <suite name="Default suite" duration-ms="258" started-at="2017-01-13T04:22:50Z" finished-at="2017-01-13T04:22:50Z">
    <groups>
    </groups>
    <test name="Default test" duration-ms="258" started-at="2017-01-13T04:22:50Z" finished-at="2017-01-13T04:22:50Z">
      <class name="com.corp.Utility.SConfigSupport">
        <test-method status="PASS" signature="database()[pri:0, instance:com.corp.Utility.SConfigSupport@d041cf]" name="database" duration-ms="243" started-at="2017-01-12T23:22:50Z" finished-at="2017-01-12T23:22:50Z">
          <reporter-output>
          </reporter-output>
        </test-method> <!-- database -->
      </class> <!-- com.corp.Utility.SConfigSupport -->
    </test> <!-- Default test -->
  </suite> <!-- Default suite -->
</testng-results>
